<?xml version="1.0" encoding="UTF-8"?>
<!-- Generated by org.testng.reporters.JUnitReportReporter -->
<testsuite hostname="LTIN478323" failures="0" tests="1" name="TestCases.TS_01_Bikes" time="71.948" errors="0" timestamp="2024-03-28T23:26:08 IST" skipped="0">
  <testcase classname="TestCases.TS_01_Bikes" name="bike" time="71.948"/>
</testsuite> <!-- TestCases.TS_01_Bikes -->
