<?xml version="1.0" encoding="UTF-8"?>
<!-- Generated by org.testng.reporters.JUnitReportReporter -->
<testsuite hostname="LTIN478323" failures="0" tests="2" name="TestCases.TS_03SignUp" time="4.348" errors="0" timestamp="2024-03-31T22:01:06 IST" skipped="0">
  <testcase classname="TestCases.TS_03SignUp" name="signup" time="3.282"/>
  <testcase classname="TestCases.TS_03SignUp" name="validate" time="1.066"/>
</testsuite> <!-- TestCases.TS_03SignUp -->
