<?xml version="1.0" encoding="UTF-8"?>
<!-- Generated by org.testng.reporters.JUnitReportReporter -->
<testsuite hostname="LTIN478323" failures="0" tests="2" name="TestCases.TS_03SignUp" time="4.272" errors="0" timestamp="2024-04-01T11:53:52 IST" skipped="0">
  <testcase classname="TestCases.TS_03SignUp" name="signup" time="3.630"/>
  <testcase classname="TestCases.TS_03SignUp" name="validate" time="0.642"/>
</testsuite> <!-- TestCases.TS_03SignUp -->
