<?xml version="1.0" encoding="UTF-8"?>
<!-- Generated by org.testng.reporters.JUnitReportReporter -->
<testsuite hostname="LTIN478323" failures="0" tests="1" name="TestCases.TS_02Cars" time="20.458" errors="0" timestamp="2024-04-01T11:53:52 IST" skipped="0">
  <testcase classname="TestCases.TS_02Cars" name="cars" time="20.458"/>
</testsuite> <!-- TestCases.TS_02Cars -->
